Release 14.7 - xst P.20131013 (lin64)
Copyright (c) 1995-2013 Xilinx, Inc.  All rights reserved.
--> 
Parameter TMPDIR set to tmpdir


Total REAL time to Xst completion: 0.00 secs
Total CPU time to Xst completion: 0.04 secs
 
--> 

TABLE OF CONTENTS
  1) Synthesis Options Summary
  2) HDL Parsing
  3) HDL Elaboration
  4) HDL Synthesis
       4.1) HDL Synthesis Report
  5) Advanced HDL Synthesis
       5.1) Advanced HDL Synthesis Report
  6) Low Level Synthesis
  7) Partition Report
  8) Design Summary
       8.1) Primitive and Black Box Usage
       8.2) Device utilization summary
       8.3) Partition Resource Summary
       8.4) Timing Report
            8.4.1) Clock Information
            8.4.2) Asynchronous Control Signals Information
            8.4.3) Timing Summary
            8.4.4) Timing Details
            8.4.5) Cross Clock Domains Report


=========================================================================
*                      Synthesis Options Summary                        *
=========================================================================
---- Source Parameters
Input File Name                    : "design.prj"

---- Target Parameters
Output File Name                   : "design.ngc"
Target Device                      : xc6slx16-3-csg324

---- Source Options
Top Module Name                    : VGA_lab

=========================================================================

WARNING:Xst:29 - Optimization Effort not specified
The following parameters have been added:
Optimization Goal                  : SPEED

=========================================================================

=========================================================================
*                          HDL Parsing                                  *
=========================================================================
Parsing VHDL file "/home/bjoli290/TSEA83/tsea83/tsea83-47k/lab4/VGA_lab_v5/VGA_lab.vhd" into library work
Parsing entity <VGA_lab>.
Parsing architecture <Behavioral> of entity <vga_lab>.
Parsing VHDL file "/home/bjoli290/TSEA83/tsea83/tsea83-47k/lab4/VGA_lab_v5/KBD_ENC.vhd" into library work
Parsing entity <KBD_ENC>.
Parsing architecture <behavioral> of entity <kbd_enc>.
Parsing VHDL file "/home/bjoli290/TSEA83/tsea83/tsea83-47k/lab4/VGA_lab_v5/PRET_CPU.vhd" into library work
Parsing entity <PRET_CPU>.
Parsing architecture <behavioral> of entity <pret_cpu>.
Parsing VHDL file "/home/bjoli290/TSEA83/tsea83/tsea83-47k/lab4/VGA_lab_v5/VIDEO_RAM.vhd" into library work
Parsing entity <VIDEO_RAM>.
Parsing architecture <Behavioral> of entity <video_ram>.
Parsing VHDL file "/home/bjoli290/TSEA83/tsea83/tsea83-47k/lab4/VGA_lab_v5/VGA_MOTOR/VGA_MOTOR.vhd" into library work
Parsing entity <VGA_MOTOR>.
Parsing architecture <Behavioral> of entity <vga_motor>.
Parsing VHDL file "/home/bjoli290/TSEA83/tsea83/tsea83-47k/lab4/VGA_lab_v5/VGA_MOTOR/CHAR_ROM.vhd" into library work
Parsing entity <CHAR_ROM>.
Parsing architecture <Behavioral> of entity <char_rom>.

=========================================================================
*                            HDL Elaboration                            *
=========================================================================

Elaborating entity <VGA_lab> (architecture <Behavioral>) from library <work>.

Elaborating entity <KBD_ENC> (architecture <behavioral>) from library <work>.

Elaborating entity <PRET_CPU> (architecture <behavioral>) from library <work>.
INFO:HDLCompiler:679 - "/home/bjoli290/TSEA83/tsea83/tsea83-47k/lab4/VGA_lab_v5/PRET_CPU.vhd" Line 174. Case statement is complete. others clause is never selected

Elaborating entity <VIDEO_RAM> (architecture <Behavioral>) from library <work>.

Elaborating entity <VGA_MOTOR> (architecture <Behavioral>) from library <work>.

Elaborating entity <CHAR_ROM> (architecture <Behavioral>) from library <work>.

=========================================================================
*                           HDL Synthesis                               *
=========================================================================

Synthesizing Unit <VGA_lab>.
    Related source file is "/home/bjoli290/TSEA83/tsea83/tsea83-47k/lab4/VGA_lab_v5/VGA_lab.vhd".
INFO:Xst:3210 - "/home/bjoli290/TSEA83/tsea83/tsea83-47k/lab4/VGA_lab_v5/VGA_lab.vhd" line 106: Output port <data_out1> of the instance <U2> is unconnected or connected to loadless signal.
    Summary:
	no macro.
Unit <VGA_lab> synthesized.

Synthesizing Unit <KBD_ENC>.
    Related source file is "/home/bjoli290/TSEA83/tsea83/tsea83-47k/lab4/VGA_lab_v5/KBD_ENC.vhd".
    Found 1-bit register for signal <PS2Data>.
    Found 1-bit register for signal <PS2Clk_Q1>.
    Found 1-bit register for signal <PS2Clk_Q2>.
    Found 11-bit register for signal <PS2Data_sr>.
    Found 4-bit register for signal <PS2BitCounter>.
    Found 2-bit register for signal <PS2state>.
    Found 1-bit register for signal <PS2Clk>.
    Found finite state machine <FSM_0> for signal <PS2state>.
    -----------------------------------------------------------------------
    | States             | 3                                              |
    | Transitions        | 7                                              |
    | Inputs             | 2                                              |
    | Outputs            | 4                                              |
    | Clock              | clk (rising_edge)                              |
    | Reset              | _n0087 (positive)                              |
    | Reset type         | synchronous                                    |
    | Reset State        | idle                                           |
    | Power Up State     | idle                                           |
    | Encoding           | auto                                           |
    | Implementation     | LUT                                            |
    -----------------------------------------------------------------------
    Found 4-bit adder for signal <PS2BitCounter[3]_GND_5_o_add_4_OUT> created at line 1241.
    Summary:
	inferred   1 Adder/Subtractor(s).
	inferred  19 D-type flip-flop(s).
	inferred   1 Finite State Machine(s).
Unit <KBD_ENC> synthesized.

Synthesizing Unit <PRET_CPU>.
    Related source file is "/home/bjoli290/TSEA83/tsea83/tsea83-47k/lab4/VGA_lab_v5/PRET_CPU.vhd".
    Found 5-bit register for signal <curposY>.
    Found 2-bit register for signal <WRstate>.
    Found 6-bit register for signal <curposX>.
    Found finite state machine <FSM_1> for signal <WRstate>.
    -----------------------------------------------------------------------
    | States             | 3                                              |
    | Transitions        | 4                                              |
    | Inputs             | 1                                              |
    | Outputs            | 3                                              |
    | Clock              | clk (rising_edge)                              |
    | Reset              | rst (positive)                                 |
    | Reset type         | synchronous                                    |
    | Reset State        | standby                                        |
    | Power Up State     | standby                                        |
    | Encoding           | auto                                           |
    | Implementation     | LUT                                            |
    -----------------------------------------------------------------------
    Found 6-bit adder for signal <curposX[5]_GND_6_o_add_39_OUT> created at line 1241.
    Found 5-bit adder for signal <curposY[4]_GND_6_o_add_67_OUT> created at line 1241.
    Found 11-bit adder for signal <addr> created at line 189.
    Found 6-bit subtractor for signal <GND_6_o_GND_6_o_sub_44_OUT<5:0>> created at line 1308.
    Found 5-bit subtractor for signal <GND_6_o_GND_6_o_sub_63_OUT<4:0>> created at line 1308.
    Found 6x5-bit multiplier for signal <n0119> created at line 189.
    Summary:
	inferred   1 Multiplier(s).
	inferred   4 Adder/Subtractor(s).
	inferred  11 D-type flip-flop(s).
	inferred  12 Multiplexer(s).
	inferred   1 Finite State Machine(s).
Unit <PRET_CPU> synthesized.

Synthesizing Unit <VIDEO_RAM>.
    Related source file is "/home/bjoli290/TSEA83/tsea83/tsea83-47k/lab4/VGA_lab_v5/VIDEO_RAM.vhd".
    Found 2048x8-bit dual-port RAM <Mram_VideoRAM> for signal <VideoRAM>.
    Found 8-bit register for signal <data_out2>.
    Found 8-bit register for signal <data_out1>.
    Summary:
	inferred   1 RAM(s).
	inferred  16 D-type flip-flop(s).
Unit <VIDEO_RAM> synthesized.

Synthesizing Unit <VGA_MOTOR>.
    Related source file is "/home/bjoli290/TSEA83/tsea83/tsea83-47k/lab4/VGA_lab_v5/VGA_MOTOR/VGA_MOTOR.vhd".
WARNING:Xst:647 - Input <VR_data<7:5>> is never used. This port will be preserved and left unconnected if it belongs to a top-level block or it belongs to a sub-block and the hierarchy of this sub-block is preserved.
    Found 10-bit register for signal <Xpixel1>.
    Found 10-bit register for signal <Ypixel1>.
    Found 1-bit register for signal <blank2>.
    Found 1-bit register for signal <Hsync2>.
    Found 1-bit register for signal <Vsync2>.
    Found 3-bit register for signal <Xpixel2<4:2>>.
    Found 3-bit register for signal <Ypixel2<4:2>>.
    Found 1-bit register for signal <Hsync>.
    Found 1-bit register for signal <Vsync>.
    Found 1-bit register for signal <blank>.
    Found 2-bit register for signal <ClkDiv>.
    Found 2-bit adder for signal <ClkDiv[1]_GND_18_o_add_0_OUT> created at line 1241.
    Found 10-bit adder for signal <Xpixel1[9]_GND_18_o_add_5_OUT> created at line 1241.
    Found 10-bit adder for signal <Ypixel1[9]_GND_18_o_add_14_OUT> created at line 1241.
    Found 11-bit adder for signal <VR_addr> created at line 176.
    Found 5x4-bit multiplier for signal <PWR_10_o_Ypixel1[8]_MuLt_24_OUT> created at line 176.
    Found 10-bit comparator lessequal for signal <n0010> created at line 125
    Found 10-bit comparator lessequal for signal <n0012> created at line 125
    Found 10-bit comparator lessequal for signal <n0023> created at line 160
    Found 10-bit comparator lessequal for signal <n0025> created at line 160
    Found 10-bit comparator lessequal for signal <n0029> created at line 172
    Found 10-bit comparator lessequal for signal <n0031> created at line 172
    Summary:
	inferred   1 Multiplier(s).
	inferred   4 Adder/Subtractor(s).
	inferred  34 D-type flip-flop(s).
	inferred   6 Comparator(s).
	inferred   5 Multiplexer(s).
Unit <VGA_MOTOR> synthesized.

Synthesizing Unit <CHAR_ROM>.
    Related source file is "/home/bjoli290/TSEA83/tsea83/tsea83-47k/lab4/VGA_lab_v5/VGA_MOTOR/CHAR_ROM.vhd".
    Found 8-bit register for signal <data>.
    Found 2048x8-bit Read Only RAM for signal <addr[10]_ROM_DATA[2047][7]_wide_mux_0_OUT>
    Summary:
	inferred   1 RAM(s).
	inferred   8 D-type flip-flop(s).
Unit <CHAR_ROM> synthesized.

=========================================================================
HDL Synthesis Report

Macro Statistics
# RAMs                                                 : 2
 2048x8-bit dual-port RAM                              : 1
 2048x8-bit single-port Read Only RAM                  : 1
# Multipliers                                          : 2
 5x4-bit multiplier                                    : 1
 6x5-bit multiplier                                    : 1
# Adders/Subtractors                                   : 9
 10-bit adder                                          : 2
 11-bit adder                                          : 2
 2-bit adder                                           : 1
 4-bit adder                                           : 1
 5-bit adder                                           : 1
 5-bit subtractor                                      : 1
 6-bit addsub                                          : 1
# Registers                                            : 22
 1-bit register                                        : 10
 10-bit register                                       : 2
 11-bit register                                       : 1
 2-bit register                                        : 1
 3-bit register                                        : 2
 4-bit register                                        : 1
 5-bit register                                        : 1
 6-bit register                                        : 1
 8-bit register                                        : 3
# Comparators                                          : 6
 10-bit comparator lessequal                           : 6
# Multiplexers                                         : 17
 10-bit 2-to-1 multiplexer                             : 2
 2-bit 2-to-1 multiplexer                              : 1
 3-bit 2-to-1 multiplexer                              : 2
 5-bit 2-to-1 multiplexer                              : 4
 6-bit 2-to-1 multiplexer                              : 7
 8-bit 2-to-1 multiplexer                              : 1
# FSMs                                                 : 2

=========================================================================
INFO:Xst:1767 - HDL ADVISOR - Resource sharing has identified that some arithmetic operations in this design can share the same physical resources for reduced device utilization. For improved clock frequency you may try to disable resource sharing.

=========================================================================
*                       Advanced HDL Synthesis                          *
=========================================================================


Synthesizing (advanced) Unit <CHAR_ROM>.
INFO:Xst:3226 - The RAM <Mram_addr[10]_ROM_DATA[2047][7]_wide_mux_0_OUT> will be implemented as a BLOCK RAM, absorbing the following register(s): <data>
    -----------------------------------------------------------------------
    | ram_type           | Block                               |          |
    -----------------------------------------------------------------------
    | Port A                                                              |
    |     aspect ratio   | 2048-word x 8-bit                   |          |
    |     mode           | write-first                         |          |
    |     clkA           | connected to signal <clk>           | rise     |
    |     weA            | connected to signal <GND>           | high     |
    |     addrA          | connected to signal <addr>          |          |
    |     diA            | connected to signal <GND>           |          |
    |     doA            | connected to signal <data>          |          |
    -----------------------------------------------------------------------
    | optimization       | speed                               |          |
    -----------------------------------------------------------------------
Unit <CHAR_ROM> synthesized (advanced).

Synthesizing (advanced) Unit <KBD_ENC>.
The following registers are absorbed into counter <PS2BitCounter>: 1 register on signal <PS2BitCounter>.
Unit <KBD_ENC> synthesized (advanced).

Synthesizing (advanced) Unit <PRET_CPU>.
	Multiplier <Mmult_n0119> in block <PRET_CPU> and adder/subtractor <Madd_addr> in block <PRET_CPU> are combined into a MAC<Maddsub_n0119>.
	The following registers are also absorbed by the MAC: <curposX> in block <PRET_CPU>.
Unit <PRET_CPU> synthesized (advanced).

Synthesizing (advanced) Unit <VGA_MOTOR>.
The following registers are absorbed into counter <ClkDiv>: 1 register on signal <ClkDiv>.
The following registers are absorbed into counter <Xpixel1>: 1 register on signal <Xpixel1>.
The following registers are absorbed into counter <Ypixel1>: 1 register on signal <Ypixel1>.
	Multiplier <Mmult_PWR_10_o_Ypixel1[8]_MuLt_24_OUT> in block <VGA_MOTOR> and adder/subtractor <Madd_VR_addr> in block <VGA_MOTOR> are combined into a MAC<Maddsub_PWR_10_o_Ypixel1[8]_MuLt_24_OUT>.
Unit <VGA_MOTOR> synthesized (advanced).

Synthesizing (advanced) Unit <VIDEO_RAM>.
INFO:Xst:3226 - The RAM <Mram_VideoRAM> will be implemented as a BLOCK RAM, absorbing the following register(s): <data_out1> <data_out2>
    -----------------------------------------------------------------------
    | ram_type           | Block                               |          |
    -----------------------------------------------------------------------
    | Port A                                                              |
    |     aspect ratio   | 2048-word x 8-bit                   |          |
    |     mode           | read-first                          |          |
    |     clkA           | connected to signal <clk>           | rise     |
    |     weA            | connected to signal <we1>           | high     |
    |     addrA          | connected to signal <addr1>         |          |
    |     diA            | connected to signal <data_in1>      |          |
    |     doA            | connected to signal <data_out1>     |          |
    -----------------------------------------------------------------------
    | optimization       | speed                               |          |
    -----------------------------------------------------------------------
    | Port B                                                              |
    |     aspect ratio   | 2048-word x 8-bit                   |          |
    |     mode           | write-first                         |          |
    |     clkB           | connected to signal <clk>           | rise     |
    |     weB            | connected to signal <GND>           | high     |
    |     addrB          | connected to signal <addr2>         |          |
    |     diB            | connected to signal <GND>           |          |
    |     doB            | connected to signal <data_out2>     |          |
    -----------------------------------------------------------------------
    | optimization       | speed                               |          |
    -----------------------------------------------------------------------
Unit <VIDEO_RAM> synthesized (advanced).
WARNING:Xst:2677 - Node <PS2Data_sr_0> of sequential type is unconnected in block <KBD_ENC>.

=========================================================================
Advanced HDL Synthesis Report

Macro Statistics
# RAMs                                                 : 2
 2048x8-bit dual-port block RAM                        : 1
 2048x8-bit single-port block Read Only RAM            : 1
# MACs                                                 : 2
 5x4-to-11-bit MAC                                     : 1
 6x5-to-11-bit MAC                                     : 1
# Adders/Subtractors                                   : 3
 5-bit adder                                           : 1
 5-bit subtractor                                      : 1
 6-bit addsub                                          : 1
# Counters                                             : 4
 10-bit up counter                                     : 2
 2-bit up counter                                      : 1
 4-bit up counter                                      : 1
# Registers                                            : 37
 Flip-Flops                                            : 37
# Comparators                                          : 6
 10-bit comparator lessequal                           : 6
# Multiplexers                                         : 15
 2-bit 2-to-1 multiplexer                              : 1
 3-bit 2-to-1 multiplexer                              : 2
 5-bit 2-to-1 multiplexer                              : 4
 6-bit 2-to-1 multiplexer                              : 7
 8-bit 2-to-1 multiplexer                              : 1
# FSMs                                                 : 2

=========================================================================

=========================================================================
*                         Low Level Synthesis                           *
=========================================================================
Analyzing FSM <MFsm> for best encoding.
Optimizing FSM <U0/FSM_0> on signal <PS2state[1:2]> with user encoding.
-------------------
 State | Encoding
-------------------
 idle  | 00
 make  | 01
 break | 10
-------------------
Analyzing FSM <MFsm> for best encoding.
Optimizing FSM <U1/FSM_1> on signal <WRstate[1:2]> with user encoding.
---------------------
 State   | Encoding
---------------------
 standby | 00
 wrindex | 01
 wrcur   | 10
---------------------
WARNING:Xst:1710 - FF/Latch <Maddsub_n01191_0> (without init value) has a constant value of 0 in block <PRET_CPU>. This FF/Latch will be trimmed during the optimization process.
INFO:Xst:2261 - The FF/Latch <curposX_5> in Unit <PRET_CPU> is equivalent to the following FF/Latch, which will be removed : <Maddsub_n01191_1> 
INFO:Xst:2261 - The FF/Latch <curposX_0> in Unit <PRET_CPU> is equivalent to the following FF/Latch, which will be removed : <Maddsub_n01191_6> 
INFO:Xst:2261 - The FF/Latch <curposX_1> in Unit <PRET_CPU> is equivalent to the following FF/Latch, which will be removed : <Maddsub_n01191_5> 
INFO:Xst:2261 - The FF/Latch <curposX_2> in Unit <PRET_CPU> is equivalent to the following FF/Latch, which will be removed : <Maddsub_n01191_4> 
INFO:Xst:2261 - The FF/Latch <curposX_3> in Unit <PRET_CPU> is equivalent to the following FF/Latch, which will be removed : <Maddsub_n01191_3> 
INFO:Xst:2261 - The FF/Latch <curposX_4> in Unit <PRET_CPU> is equivalent to the following FF/Latch, which will be removed : <Maddsub_n01191_2> 

Optimizing unit <VGA_lab> ...

Optimizing unit <KBD_ENC> ...

Optimizing unit <PRET_CPU> ...

Optimizing unit <VGA_MOTOR> ...

Mapping all equations...
Building and optimizing final netlist ...
Found area constraint ratio of 100 (+ 0) on block VGA_lab, actual ratio is 1.

Final Macro Processing ...

Processing Unit <VGA_lab> :
	Found 3-bit shift register for signal <U0/PS2Data_sr_8>.
Unit <VGA_lab> processed.

=========================================================================
Final Register Report

Macro Statistics
# Registers                                            : 64
 Flip-Flops                                            : 64
# Shift Registers                                      : 1
 3-bit shift register                                  : 1

=========================================================================

=========================================================================
*                           Partition Report                            *
=========================================================================

Partition Implementation Status
-------------------------------

  No Partitions were found in this design.

-------------------------------

=========================================================================
*                            Design Summary                             *
=========================================================================

Top Level Output File Name         : design.ngc

Primitive and Black Box Usage:
------------------------------
# BELS                             : 210
#      GND                         : 1
#      INV                         : 6
#      LUT1                        : 8
#      LUT2                        : 25
#      LUT3                        : 28
#      LUT4                        : 9
#      LUT5                        : 21
#      LUT6                        : 38
#      MUXCY                       : 34
#      MUXF7                       : 2
#      VCC                         : 1
#      XORCY                       : 37
# FlipFlops/Latches                : 65
#      FD                          : 14
#      FDE                         : 8
#      FDR                         : 7
#      FDRE                        : 35
#      FDS                         : 1
# RAMS                             : 2
#      RAMB16BWER                  : 2
# Shift Registers                  : 1
#      SRLC16E                     : 1
# Clock Buffers                    : 1
#      BUFGP                       : 1
# IO Buffers                       : 13
#      IBUF                        : 3
#      OBUF                        : 10

Device utilization summary:
---------------------------

Selected Device : 6slx16csg324-3 


Slice Logic Utilization: 
 Number of Slice Registers:              65  out of  18224     0%  
 Number of Slice LUTs:                  136  out of   9112     1%  
    Number used as Logic:               135  out of   9112     1%  
    Number used as Memory:                1  out of   2176     0%  
       Number used as SRL:                1

Slice Logic Distribution: 
 Number of LUT Flip Flop pairs used:    153
   Number with an unused Flip Flop:      88  out of    153    57%  
   Number with an unused LUT:            17  out of    153    11%  
   Number of fully used LUT-FF pairs:    48  out of    153    31%  
   Number of unique control sets:         9

IO Utilization: 
 Number of IOs:                          14
 Number of bonded IOBs:                  14  out of    232     6%  

Specific Feature Utilization:
 Number of Block RAM/FIFO:                2  out of     32     6%  
    Number using Block RAM only:          2
 Number of BUFG/BUFGCTRLs:                1  out of     16     6%  

---------------------------
Partition Resource Summary:
---------------------------

  No Partitions were found in this design.

---------------------------


=========================================================================
Timing Report

NOTE: THESE TIMING NUMBERS ARE ONLY A SYNTHESIS ESTIMATE.
      FOR ACCURATE TIMING INFORMATION PLEASE REFER TO THE TRACE REPORT
      GENERATED AFTER PLACE-and-ROUTE.

Clock Information:
------------------
-----------------------------------+------------------------+-------+
Clock Signal                       | Clock buffer(FF name)  | Load  |
-----------------------------------+------------------------+-------+
clk                                | BUFGP                  | 68    |
-----------------------------------+------------------------+-------+

Asynchronous Control Signals Information:
----------------------------------------
No asynchronous control signals found in this design

Timing Summary:
---------------
Speed Grade: -3

   Minimum period: 5.650ns (Maximum Frequency: 176.996MHz)
   Minimum input arrival time before clock: 3.014ns
   Maximum output required time after clock: 5.785ns
   Maximum combinational path delay: No path found

Timing Details:
---------------
All values displayed in nanoseconds (ns)

=========================================================================
Timing constraint: Default period analysis for Clock 'clk'
  Clock period: 5.650ns (frequency: 176.996MHz)
  Total number of paths / destination ports: 2906 / 155
-------------------------------------------------------------------------
Delay:               5.650ns (Levels of Logic = 5)
  Source:            U0/PS2Data_sr_8 (FF)
  Destination:       U1/curposX_5 (FF)
  Source Clock:      clk rising
  Destination Clock: clk rising

  Data Path: U0/PS2Data_sr_8 to U1/curposX_5
                                Gate     Net
    Cell:in->out      fanout   Delay   Delay  Logical Name (Net Name)
    ----------------------------------------  ------------
     FDE:C->Q              9   0.447   1.058  U0/PS2Data_sr_8 (U0/PS2Data_sr_8)
     LUT3:I0->O            4   0.205   0.684  U1/GND_6_o_ScanCode[7]_equal_34_o<7>_SW0 (N12)
     LUT6:I5->O           13   0.205   1.037  U1/GND_6_o_ScanCode[7]_equal_34_o<7> (U1/curMovement<0>)
     LUT4:I2->O            2   0.203   0.721  U1/Mmux__n0144_A31 (U1/Mmux__n0144_rs_A<2>)
     LUT5:I3->O            1   0.203   0.580  U1/Mmux_curposX[5]_curposX[5]_mux_48_OUT61_SW0 (N34)
     LUT5:I4->O            1   0.205   0.000  U1/Mmux_curposX[5]_curposX[5]_mux_48_OUT61 (U1/curposX[5]_curposX[5]_mux_48_OUT<5>)
     FDRE:D                    0.102          U1/curposX_5
    ----------------------------------------
    Total                      5.650ns (1.570ns logic, 4.080ns route)
                                       (27.8% logic, 72.2% route)

=========================================================================
Timing constraint: Default OFFSET IN BEFORE for Clock 'clk'
  Total number of paths / destination ports: 39 / 39
-------------------------------------------------------------------------
Offset:              3.014ns (Levels of Logic = 1)
  Source:            rst (PAD)
  Destination:       U0/PS2Clk_Q1 (FF)
  Destination Clock: clk rising

  Data Path: rst to U0/PS2Clk_Q1
                                Gate     Net
    Cell:in->out      fanout   Delay   Delay  Logical Name (Net Name)
    ----------------------------------------  ------------
     IBUF:I->O            37   1.222   1.362  rst_IBUF (rst_IBUF)
     FDR:R                     0.430          U0/PS2Clk_Q2
    ----------------------------------------
    Total                      3.014ns (1.652ns logic, 1.362ns route)
                                       (54.8% logic, 45.2% route)

=========================================================================
Timing constraint: Default OFFSET OUT AFTER for Clock 'clk'
  Total number of paths / destination ports: 18 / 10
-------------------------------------------------------------------------
Offset:              5.785ns (Levels of Logic = 2)
  Source:            U3_U0b/Mram_addr[10]_ROM_DATA[2047][7]_wide_mux_0_OUT (RAM)
  Destination:       vgaRed<2> (PAD)
  Source Clock:      clk rising

  Data Path: U3_U0b/Mram_addr[10]_ROM_DATA[2047][7]_wide_mux_0_OUT to vgaRed<2>
                                Gate     Net
    Cell:in->out      fanout   Delay   Delay  Logical Name (Net Name)
    ----------------------------------------  ------------
     RAMB16BWER:CLKA->DOA7    1   1.850   0.580  U3_U0b/Mram_addr[10]_ROM_DATA[2047][7]_wide_mux_0_OUT (U3/CR_data<7>)
     LUT2:I1->O            1   0.205   0.579  U3/Mmux_vgaRed31 (vgaRed_2_OBUF)
     OBUF:I->O                 2.571          vgaRed_2_OBUF (vgaRed<2>)
    ----------------------------------------
    Total                      5.785ns (4.626ns logic, 1.159ns route)
                                       (80.0% logic, 20.0% route)

=========================================================================

Cross Clock Domains Report:
--------------------------

Clock to Setup on destination clock clk
---------------+---------+---------+---------+---------+
               | Src:Rise| Src:Fall| Src:Rise| Src:Fall|
Source Clock   |Dest:Rise|Dest:Rise|Dest:Fall|Dest:Fall|
---------------+---------+---------+---------+---------+
clk            |    5.650|         |         |         |
---------------+---------+---------+---------+---------+

=========================================================================


Total REAL time to Xst completion: 5.00 secs
Total CPU time to Xst completion: 5.07 secs
 
--> 


Total memory usage is 502248 kilobytes

Number of errors   :    0 (   0 filtered)
Number of warnings :    4 (   0 filtered)
Number of infos    :   10 (   0 filtered)

